Build started 2/13/2014 12:14:24 AM.
     1>Project "c:\Users\Ady\documents\visual studio 2012\Projects\e 73\e 73\e 73.vcxproj" on node 2 (Build target(s)).
     1>ClCompile:
         C:\Program Files (x86)\Microsoft Visual Studio 11.0\VC\bin\CL.exe /c /ZI /nologo /W3 /WX- /Od /Oy- /D WIN32 /D _WINDOWS /D _DEBUG /D _MBCS /Gm /EHsc /RTC1 /MTd /GS /fp:precise /Zc:wchar_t /Zc:forScope /Yu"stdafx.h" /Fp"Debug\e 73.pch" /Fo"Debug\\" /Fd"Debug\vc110.pdb" /Gd /TP /analyze- /errorReport:prompt "e 73.cpp" "e 73Dlg.cpp"
         e 73Dlg.cpp
         Generating Code...
         Compiling...
         e 73.cpp
         Generating Code...
       ResourceCompile:
         C:\Program Files (x86)\Windows Kits\8.0\bin\x86\rc.exe /D _DEBUG /l"0x0409" /IDebug\ /nologo /fo"Debug\e 73.res" "e 73.rc" 
       Link:
         C:\Program Files (x86)\Microsoft Visual Studio 11.0\VC\bin\link.exe /ERRORREPORT:PROMPT /OUT:"c:\users\ady\documents\visual studio 2012\Projects\e 73\Debug\e 73.exe" /INCREMENTAL /NOLOGO /MANIFEST /MANIFESTUAC:"level='asInvoker' uiAccess='false'" /manifest:embed /manifestinput:"C:\Program Files (x86)\Microsoft Visual Studio 11.0\VC\Include\Manifest\dpiaware.manifest" /DEBUG /PDB:"c:\users\ady\documents\visual studio 2012\Projects\e 73\Debug\e 73.pdb" /SUBSYSTEM:WINDOWS /TLBID:1 /DYNAMICBASE /NXCOMPAT /IMPLIB:"c:\users\ady\documents\visual studio 2012\Projects\e 73\Debug\e 73.lib" /MACHINE:X86 "Debug\e 73.res"
         "Debug\e 73.obj"
         "Debug\e 73Dlg.obj"
         Debug\stdafx.obj
         e 73.vcxproj -> c:\users\ady\documents\visual studio 2012\Projects\e 73\Debug\e 73.exe
     1>Done Building Project "c:\Users\Ady\documents\visual studio 2012\Projects\e 73\e 73\e 73.vcxproj" (Build target(s)).

Build succeeded.

Time Elapsed 00:00:01.25
